<?xml version="1.0" encoding="UTF-8"?>
<!-- Generated by org.testng.reporters.JUnitReportReporter -->
<testsuite hostname="Pranav" failures="0" tests="2" name="EndToEndProject.Selenium_Testng_Framework.Verify_Login" time="48.090" errors="0" timestamp="2022-01-22T01:24:30 IST" skipped="0">
  <testcase classname="EndToEndProject.Selenium_Testng_Framework.Verify_Login" name="Browser_launch" time="25.560"/>
  <system-out/>
  <testcase classname="EndToEndProject.Selenium_Testng_Framework.Verify_Login" name="Browser_launch" time="22.530"/>
  <system-out/>
</testsuite> <!-- EndToEndProject.Selenium_Testng_Framework.Verify_Login -->
